{"category":"dragon","hostId":"0c7896dd-072f-5959-88c5-559ccacdfed7","id":"01G0V226ABQN3906G9TQ6QJJ20","level":"info","message":"A message","ms":"+3ms","service":"@goodware/log","stage":"dev","tags":["info","error","extra"],"timestamp":"2022-04-16T23:06:20.491-07:00","version":"6.0.2"}
{"category":"dragon","hostId":"0c7896dd-072f-5959-88c5-559ccacdfed7","id":"01G0V226ACG9DWHG4DE73928W3","level":"info","ms":"+1ms","service":"@goodware/log","stage":"dev","tags":["info","error","extra"],"timestamp":"2022-04-16T23:06:20.492-07:00","version":"6.0.2"}
{"category":"dragon","hostId":"0c7896dd-072f-5959-88c5-559ccacdfed7","id":"01G0V22726QD4SAHZ4SNVTCPRY","level":"info","message":"A message","ms":"+2ms","service":"@goodware/log","stage":"dev","tags":["info","error","extra"],"timestamp":"2022-04-16T23:06:21.254-07:00","version":"6.0.2"}
{"category":"dragon","hostId":"0c7896dd-072f-5959-88c5-559ccacdfed7","id":"01G0V22726BJ84R81E76B5HWSJ","level":"info","ms":"+1ms","service":"@goodware/log","stage":"dev","tags":["info","error","extra"],"timestamp":"2022-04-16T23:06:21.254-07:00","version":"6.0.2"}
{"category":"dragon","hostId":"0c7896dd-072f-5959-88c5-559ccacdfed7","id":"01G0V28KFNZFCJ19965VH1W98P","level":"info","message":"A message","ms":"+3ms","service":"@goodware/log","stage":"dev","tags":["info","error","extra"],"timestamp":"2022-04-16T23:09:50.581-07:00","version":"6.0.2"}
{"category":"dragon","hostId":"0c7896dd-072f-5959-88c5-559ccacdfed7","id":"01G0V28KFPZ9KA9GCX1BSBT9F2","level":"info","ms":"+1ms","service":"@goodware/log","stage":"dev","tags":["info","error","extra"],"timestamp":"2022-04-16T23:09:50.582-07:00","version":"6.0.2"}
{"category":"dragon","hostId":"0c7896dd-072f-5959-88c5-559ccacdfed7","id":"01G0V28M76ZYP7Y7M2D505CDQ2","level":"info","message":"A message","ms":"+2ms","service":"@goodware/log","stage":"dev","tags":["info","error","extra"],"timestamp":"2022-04-16T23:09:51.334-07:00","version":"6.0.2"}
{"category":"dragon","hostId":"0c7896dd-072f-5959-88c5-559ccacdfed7","id":"01G0V28M779GWYK8QRG4E3NS33","level":"info","ms":"+1ms","service":"@goodware/log","stage":"dev","tags":["info","error","extra"],"timestamp":"2022-04-16T23:09:51.335-07:00","version":"6.0.2"}
{"category":"dragon","hostId":"0c7896dd-072f-5959-88c5-559ccacdfed7","id":"01G0V2927MNB6GCW9TJEKDXVV2","level":"info","message":"A message","ms":"+4ms","service":"@goodware/log","stage":"dev","tags":["info","error","extra"],"timestamp":"2022-04-16T23:10:05.684-07:00","version":"6.0.2"}
{"category":"dragon","hostId":"0c7896dd-072f-5959-88c5-559ccacdfed7","id":"01G0V2927MAMQG9EANTGDYD0H9","level":"info","ms":"+1ms","service":"@goodware/log","stage":"dev","tags":["info","error","extra"],"timestamp":"2022-04-16T23:10:05.684-07:00","version":"6.0.2"}
{"category":"dragon","hostId":"0c7896dd-072f-5959-88c5-559ccacdfed7","id":"01G0V292Z51Q9B3W48J6AHB9C1","level":"info","message":"A message","ms":"+2ms","service":"@goodware/log","stage":"dev","tags":["info","error","extra"],"timestamp":"2022-04-16T23:10:06.437-07:00","version":"6.0.2"}
{"category":"dragon","hostId":"0c7896dd-072f-5959-88c5-559ccacdfed7","id":"01G0V292Z5KYXGWB191XJA263T","level":"info","ms":"+0ms","service":"@goodware/log","stage":"dev","tags":["info","error","extra"],"timestamp":"2022-04-16T23:10:06.437-07:00","version":"6.0.2"}
{"category":"dragon","hostId":"0c7896dd-072f-5959-88c5-559ccacdfed7","id":"01G0V2A3BHMKB0YP3GXTYEEATX","level":"info","message":"A message","ms":"+3ms","service":"@goodware/log","stage":"dev","tags":["info","error","extra"],"timestamp":"2022-04-16T23:10:39.601-07:00","version":"6.0.2"}
{"category":"dragon","hostId":"0c7896dd-072f-5959-88c5-559ccacdfed7","id":"01G0V2A3BJM286Q3YSDFDARKKR","level":"info","ms":"+1ms","service":"@goodware/log","stage":"dev","tags":["info","error","extra"],"timestamp":"2022-04-16T23:10:39.602-07:00","version":"6.0.2"}
{"category":"dragon","hostId":"0c7896dd-072f-5959-88c5-559ccacdfed7","id":"01G0V2A42TKRJXK3XMTXD6CV84","level":"info","message":"A message","ms":"+2ms","service":"@goodware/log","stage":"dev","tags":["info","error","extra"],"timestamp":"2022-04-16T23:10:40.346-07:00","version":"6.0.2"}
{"category":"dragon","hostId":"0c7896dd-072f-5959-88c5-559ccacdfed7","id":"01G0V2A42TXS2ATC12MBBTDGYW","level":"info","ms":"+0ms","service":"@goodware/log","stage":"dev","tags":["info","error","extra"],"timestamp":"2022-04-16T23:10:40.346-07:00","version":"6.0.2"}
{"category":"dragon","hostId":"0c7896dd-072f-5959-88c5-559ccacdfed7","id":"01G0V2AD4J1MGH6J523H54BEBC","level":"info","message":"A message","ms":"+3ms","service":"@goodware/log","stage":"dev","tags":["info","error","extra"],"timestamp":"2022-04-16T23:10:49.618-07:00","version":"6.0.2"}
{"category":"dragon","hostId":"0c7896dd-072f-5959-88c5-559ccacdfed7","id":"01G0V2AD4JTMNSJM21DJMM4PF0","level":"info","ms":"+1ms","service":"@goodware/log","stage":"dev","tags":["info","error","extra"],"timestamp":"2022-04-16T23:10:49.618-07:00","version":"6.0.2"}
{"category":"dragon","hostId":"0c7896dd-072f-5959-88c5-559ccacdfed7","id":"01G0V2ADVWG66BBDPKJAY5DRX9","level":"info","message":"A message","ms":"+2ms","service":"@goodware/log","stage":"dev","tags":["info","error","extra"],"timestamp":"2022-04-16T23:10:50.364-07:00","version":"6.0.2"}
{"category":"dragon","hostId":"0c7896dd-072f-5959-88c5-559ccacdfed7","id":"01G0V2ADVWPV398TB5Y4DJAGBC","level":"info","ms":"+0ms","service":"@goodware/log","stage":"dev","tags":["info","error","extra"],"timestamp":"2022-04-16T23:10:50.364-07:00","version":"6.0.2"}
{"category":"dragon","hostId":"0c7896dd-072f-5959-88c5-559ccacdfed7","id":"01G0V2ATDE9D2R585TP4QM2JBV","level":"info","message":"A message","ms":"+3ms","service":"@goodware/log","stage":"dev","tags":["info","error","extra"],"timestamp":"2022-04-16T23:11:03.214-07:00","version":"6.0.2"}
{"category":"dragon","hostId":"0c7896dd-072f-5959-88c5-559ccacdfed7","id":"01G0V2ATDFGGQGQVYWXEAPCYMT","level":"info","ms":"+1ms","service":"@goodware/log","stage":"dev","tags":["info","error","extra"],"timestamp":"2022-04-16T23:11:03.214-07:00","version":"6.0.2"}
{"category":"dragon","hostId":"0c7896dd-072f-5959-88c5-559ccacdfed7","id":"01G0V2AV4R8MDKFNS45JWBF0JF","level":"info","message":"A message","ms":"+2ms","service":"@goodware/log","stage":"dev","tags":["info","error","extra"],"timestamp":"2022-04-16T23:11:03.960-07:00","version":"6.0.2"}
{"category":"dragon","hostId":"0c7896dd-072f-5959-88c5-559ccacdfed7","id":"01G0V2AV4RRK8ZVCK5K0BF2S95","level":"info","ms":"+0ms","service":"@goodware/log","stage":"dev","tags":["info","error","extra"],"timestamp":"2022-04-16T23:11:03.960-07:00","version":"6.0.2"}
{"category":"dragon","hostId":"0c7896dd-072f-5959-88c5-559ccacdfed7","id":"01G0V2BTGVK5XBWNZ6E10X0PGJ","level":"info","message":"A message","ms":"+3ms","service":"@goodware/log","stage":"dev","tags":["info","error","extra"],"timestamp":"2022-04-16T23:11:36.091-07:00","version":"6.0.2"}
{"category":"dragon","hostId":"0c7896dd-072f-5959-88c5-559ccacdfed7","id":"01G0V2BTGW1A2BTFBPPYXNRQS3","level":"info","ms":"+1ms","service":"@goodware/log","stage":"dev","tags":["info","error","extra"],"timestamp":"2022-04-16T23:11:36.091-07:00","version":"6.0.2"}
{"category":"dragon","hostId":"0c7896dd-072f-5959-88c5-559ccacdfed7","id":"01G0V2BV88SNWPS5X4MMHNG3KJ","level":"info","message":"A message","ms":"+1ms","service":"@goodware/log","stage":"dev","tags":["info","error","extra"],"timestamp":"2022-04-16T23:11:36.840-07:00","version":"6.0.2"}
{"category":"dragon","hostId":"0c7896dd-072f-5959-88c5-559ccacdfed7","id":"01G0V2BV89RCYZDQ6TZGC7BBVP","level":"info","ms":"+1ms","service":"@goodware/log","stage":"dev","tags":["info","error","extra"],"timestamp":"2022-04-16T23:11:36.841-07:00","version":"6.0.2"}
