{"category":"dragon","hostId":"0c7896dd-072f-5959-88c5-559ccacdfed7","id":"01G0V1B1QR3FGN1N35RN4GTYW0","level":"info","message":"A message","ms":"+3ms","service":"@goodware/log","stage":"dev","tags":["info","error","extra"],"timestamp":"2022-04-16T22:53:42.136-07:00","version":"6.0.2"}
{"category":"dragon","hostId":"0c7896dd-072f-5959-88c5-559ccacdfed7","id":"01G0V1B1QR1F6QAQC4Q75DTX8E","level":"info","ms":"+1ms","service":"@goodware/log","stage":"dev","tags":["info","error","extra"],"timestamp":"2022-04-16T22:53:42.136-07:00","version":"6.0.2"}
{"category":"dragon","hostId":"0c7896dd-072f-5959-88c5-559ccacdfed7","id":"01G0V1B2FZMYWG3986NPC220TA","level":"info","message":"A message","ms":"+1ms","service":"@goodware/log","stage":"dev","tags":["info","error","extra"],"timestamp":"2022-04-16T22:53:42.911-07:00","version":"6.0.2"}
{"category":"dragon","hostId":"0c7896dd-072f-5959-88c5-559ccacdfed7","id":"01G0V1B2G0KXR2HNF64F90S57F","level":"info","ms":"+1ms","service":"@goodware/log","stage":"dev","tags":["info","error","extra"],"timestamp":"2022-04-16T22:53:42.912-07:00","version":"6.0.2"}
{"category":"dragon","hostId":"0c7896dd-072f-5959-88c5-559ccacdfed7","id":"01G0V1CZ7443V4HSFTZB4Q88BM","level":"info","message":"A message","ms":"+3ms","service":"@goodware/log","stage":"dev","tags":["info","error","extra"],"timestamp":"2022-04-16T22:54:45.092-07:00","version":"6.0.2"}
{"category":"dragon","hostId":"0c7896dd-072f-5959-88c5-559ccacdfed7","id":"01G0V1CZ75T2EGMX8MEMAP8EGM","level":"info","ms":"+1ms","service":"@goodware/log","stage":"dev","tags":["info","error","extra"],"timestamp":"2022-04-16T22:54:45.093-07:00","version":"6.0.2"}
{"category":"dragon","hostId":"0c7896dd-072f-5959-88c5-559ccacdfed7","id":"01G0V1CZYFRF2NSZN9PSGT19SS","level":"info","message":"A message","ms":"+2ms","service":"@goodware/log","stage":"dev","tags":["info","error","extra"],"timestamp":"2022-04-16T22:54:45.839-07:00","version":"6.0.2"}
{"category":"dragon","hostId":"0c7896dd-072f-5959-88c5-559ccacdfed7","id":"01G0V1CZYF31C85W2EYNZW0EDM","level":"info","ms":"+0ms","service":"@goodware/log","stage":"dev","tags":["info","error","extra"],"timestamp":"2022-04-16T22:54:45.839-07:00","version":"6.0.2"}
{"category":"dragon","hostId":"0c7896dd-072f-5959-88c5-559ccacdfed7","id":"01G0V1DHT3CV24AN3B93SJKZF9","level":"info","message":"A message","ms":"+3ms","service":"@goodware/log","stage":"dev","tags":["info","error","extra"],"timestamp":"2022-04-16T22:55:04.131-07:00","version":"6.0.2"}
{"category":"dragon","hostId":"0c7896dd-072f-5959-88c5-559ccacdfed7","id":"01G0V1DHT48AJDEHC9RF83R9NG","level":"info","ms":"+1ms","service":"@goodware/log","stage":"dev","tags":["info","error","extra"],"timestamp":"2022-04-16T22:55:04.132-07:00","version":"6.0.2"}
{"category":"dragon","hostId":"0c7896dd-072f-5959-88c5-559ccacdfed7","id":"01G0V1DJH56K39ATJAZEEXHJZ3","level":"info","message":"A message","ms":"+2ms","service":"@goodware/log","stage":"dev","tags":["info","error","extra"],"timestamp":"2022-04-16T22:55:04.869-07:00","version":"6.0.2"}
{"category":"dragon","hostId":"0c7896dd-072f-5959-88c5-559ccacdfed7","id":"01G0V1DJH5D48G05V2MSSPR8S3","level":"info","ms":"+0ms","service":"@goodware/log","stage":"dev","tags":["info","error","extra"],"timestamp":"2022-04-16T22:55:04.869-07:00","version":"6.0.2"}
{"category":"dragon","hostId":"0c7896dd-072f-5959-88c5-559ccacdfed7","id":"01G0V1EGPHYPM2H1CE2XK3X06C","level":"info","message":"A message","ms":"+3ms","service":"@goodware/log","stage":"dev","tags":["info","error","extra"],"timestamp":"2022-04-16T22:55:35.761-07:00","version":"6.0.2"}
{"category":"dragon","hostId":"0c7896dd-072f-5959-88c5-559ccacdfed7","id":"01G0V1EGPJ37KC7T6GVA4YCEVB","level":"info","ms":"+1ms","service":"@goodware/log","stage":"dev","tags":["info","error","extra"],"timestamp":"2022-04-16T22:55:35.762-07:00","version":"6.0.2"}
{"category":"dragon","hostId":"0c7896dd-072f-5959-88c5-559ccacdfed7","id":"01G0V1EHDGG7Z9REVH7FM4E4QJ","level":"info","message":"A message","ms":"+2ms","service":"@goodware/log","stage":"dev","tags":["info","error","extra"],"timestamp":"2022-04-16T22:55:36.496-07:00","version":"6.0.2"}
{"category":"dragon","hostId":"0c7896dd-072f-5959-88c5-559ccacdfed7","id":"01G0V1EHDG8BAG5CHF59V8VX0K","level":"info","ms":"+0ms","service":"@goodware/log","stage":"dev","tags":["info","error","extra"],"timestamp":"2022-04-16T22:55:36.496-07:00","version":"6.0.2"}
{"category":"dragon","hostId":"0c7896dd-072f-5959-88c5-559ccacdfed7","id":"01G0V1G3H9F2AJWXY8RGK63F7R","level":"info","message":"A message","ms":"+2ms","service":"@goodware/log","stage":"dev","tags":["info","error","extra"],"timestamp":"2022-04-16T22:56:27.817-07:00","version":"6.0.2"}
{"category":"dragon","hostId":"0c7896dd-072f-5959-88c5-559ccacdfed7","id":"01G0V1G3HA8PN8A1D80K3KZ6R6","level":"info","ms":"+1ms","service":"@goodware/log","stage":"dev","tags":["info","error","extra"],"timestamp":"2022-04-16T22:56:27.818-07:00","version":"6.0.2"}
{"category":"dragon","hostId":"0c7896dd-072f-5959-88c5-559ccacdfed7","id":"01G0V1G48ETV1B4CJ0QZZR9YMS","level":"info","message":"A message","ms":"+2ms","service":"@goodware/log","stage":"dev","tags":["info","error","extra"],"timestamp":"2022-04-16T22:56:28.558-07:00","version":"6.0.2"}
{"category":"dragon","hostId":"0c7896dd-072f-5959-88c5-559ccacdfed7","id":"01G0V1G48FDDY9WMA24NNDA3S2","level":"info","ms":"+1ms","service":"@goodware/log","stage":"dev","tags":["info","error","extra"],"timestamp":"2022-04-16T22:56:28.559-07:00","version":"6.0.2"}
{"category":"dragon","hostId":"0c7896dd-072f-5959-88c5-559ccacdfed7","id":"01G0V1GQETHHHNV7FDTY92VJ7F","level":"info","message":"A message","ms":"+4ms","service":"@goodware/log","stage":"dev","tags":["info","error","extra"],"timestamp":"2022-04-16T22:56:48.218-07:00","version":"6.0.2"}
{"category":"dragon","hostId":"0c7896dd-072f-5959-88c5-559ccacdfed7","id":"01G0V1GQEVYNBZDBT42KMADR8Z","level":"info","ms":"+1ms","service":"@goodware/log","stage":"dev","tags":["info","error","extra"],"timestamp":"2022-04-16T22:56:48.219-07:00","version":"6.0.2"}
{"category":"dragon","hostId":"0c7896dd-072f-5959-88c5-559ccacdfed7","id":"01G0V1GXE505B3SXCKYSB9RFGA","level":"info","message":"A message","ms":"+4ms","service":"@goodware/log","stage":"dev","tags":["info","error","extra"],"timestamp":"2022-04-16T22:56:54.341-07:00","version":"6.0.2"}
{"category":"dragon","hostId":"0c7896dd-072f-5959-88c5-559ccacdfed7","id":"01G0V1GXE6Z7KKVX0SNTBC8W9A","level":"info","ms":"+0ms","service":"@goodware/log","stage":"dev","tags":["info","error","extra"],"timestamp":"2022-04-16T22:56:54.342-07:00","version":"6.0.2"}
