{"category":"foo","hostId":"0c7896dd-072f-5959-88c5-559ccacdfed7","id":"01G0V226EBFKE0ZCGT9FJW6CD7","level":"debug","message":"debug","ms":"+3ms","service":"@goodware/log","stage":"dev","tags":["debug"],"timestamp":"2022-04-16T23:06:20.619-07:00","version":"6.0.2"}
{"category":"foo","hostId":"0c7896dd-072f-5959-88c5-559ccacdfed7","id":"01G0V226EB2CC5CGBZH746TEA4","level":"debug","message":"debug message","ms":"+1ms","service":"@goodware/log","stage":"dev","tags":["debug"],"timestamp":"2022-04-16T23:06:20.619-07:00","version":"6.0.2"}
{"category":"foo","hostId":"0c7896dd-072f-5959-88c5-559ccacdfed7","id":"01G0V2273K4DG8N3736WREZSRE","level":"debug","message":"debug","ms":"+2ms","service":"@goodware/log","stage":"dev","tags":["debug"],"timestamp":"2022-04-16T23:06:21.299-07:00","version":"6.0.2"}
{"category":"foo","hostId":"0c7896dd-072f-5959-88c5-559ccacdfed7","id":"01G0V2273MPQY4KV86WZRZGS6B","level":"debug","message":"debug message","ms":"+1ms","service":"@goodware/log","stage":"dev","tags":["debug"],"timestamp":"2022-04-16T23:06:21.300-07:00","version":"6.0.2"}
{"category":"foo","hostId":"0c7896dd-072f-5959-88c5-559ccacdfed7","id":"01G0V28KJY9PQ9X4DKD3A12BYH","level":"debug","message":"debug","ms":"+3ms","service":"@goodware/log","stage":"dev","tags":["debug"],"timestamp":"2022-04-16T23:09:50.685-07:00","version":"6.0.2"}
{"category":"foo","hostId":"0c7896dd-072f-5959-88c5-559ccacdfed7","id":"01G0V28KJYF81SBXFXYJXF0V9M","level":"debug","message":"debug message","ms":"+0ms","service":"@goodware/log","stage":"dev","tags":["debug"],"timestamp":"2022-04-16T23:09:50.686-07:00","version":"6.0.2"}
{"category":"foo","hostId":"0c7896dd-072f-5959-88c5-559ccacdfed7","id":"01G0V28M8QQ8MZ7J76W1BH0XDT","level":"debug","message":"debug","ms":"+2ms","service":"@goodware/log","stage":"dev","tags":["debug"],"timestamp":"2022-04-16T23:09:51.383-07:00","version":"6.0.2"}
{"category":"foo","hostId":"0c7896dd-072f-5959-88c5-559ccacdfed7","id":"01G0V28M8QWG4107TGSRVE15Q4","level":"debug","message":"debug message","ms":"+0ms","service":"@goodware/log","stage":"dev","tags":["debug"],"timestamp":"2022-04-16T23:09:51.383-07:00","version":"6.0.2"}
{"category":"foo","hostId":"0c7896dd-072f-5959-88c5-559ccacdfed7","id":"01G0V292B7MC8NRN9KWJJ5K226","level":"debug","message":"debug","ms":"+2ms","service":"@goodware/log","stage":"dev","tags":["debug"],"timestamp":"2022-04-16T23:10:05.799-07:00","version":"6.0.2"}
{"category":"foo","hostId":"0c7896dd-072f-5959-88c5-559ccacdfed7","id":"01G0V292B8MAS91A134D6K16Q7","level":"debug","message":"debug message","ms":"+1ms","service":"@goodware/log","stage":"dev","tags":["debug"],"timestamp":"2022-04-16T23:10:05.800-07:00","version":"6.0.2"}
{"category":"foo","hostId":"0c7896dd-072f-5959-88c5-559ccacdfed7","id":"01G0V2930J14JHD101VBV5P51D","level":"debug","message":"debug","ms":"+2ms","service":"@goodware/log","stage":"dev","tags":["debug"],"timestamp":"2022-04-16T23:10:06.482-07:00","version":"6.0.2"}
{"category":"foo","hostId":"0c7896dd-072f-5959-88c5-559ccacdfed7","id":"01G0V2930KZXFQ7ZKYZCGYRD9W","level":"debug","message":"debug message","ms":"+1ms","service":"@goodware/log","stage":"dev","tags":["debug"],"timestamp":"2022-04-16T23:10:06.483-07:00","version":"6.0.2"}
{"category":"foo","hostId":"0c7896dd-072f-5959-88c5-559ccacdfed7","id":"01G0V2A3ESVKJWDFJJZS8MRGSF","level":"debug","message":"debug","ms":"+2ms","service":"@goodware/log","stage":"dev","tags":["debug"],"timestamp":"2022-04-16T23:10:39.705-07:00","version":"6.0.2"}
{"category":"foo","hostId":"0c7896dd-072f-5959-88c5-559ccacdfed7","id":"01G0V2A3ET19ZY4NQ2XT8KJ80G","level":"debug","message":"debug message","ms":"+1ms","service":"@goodware/log","stage":"dev","tags":["debug"],"timestamp":"2022-04-16T23:10:39.706-07:00","version":"6.0.2"}
{"category":"foo","hostId":"0c7896dd-072f-5959-88c5-559ccacdfed7","id":"01G0V2A44APRVCYFYRZ6V7ZZV0","level":"debug","message":"debug","ms":"+2ms","service":"@goodware/log","stage":"dev","tags":["debug"],"timestamp":"2022-04-16T23:10:40.394-07:00","version":"6.0.2"}
{"category":"foo","hostId":"0c7896dd-072f-5959-88c5-559ccacdfed7","id":"01G0V2A44AFRB8W0VFCFHGVZ7W","level":"debug","message":"debug message","ms":"+1ms","service":"@goodware/log","stage":"dev","tags":["debug"],"timestamp":"2022-04-16T23:10:40.394-07:00","version":"6.0.2"}
{"category":"foo","hostId":"0c7896dd-072f-5959-88c5-559ccacdfed7","id":"01G0V2AD7TKMD6BCRRA41BJJWA","level":"debug","message":"debug","ms":"+2ms","service":"@goodware/log","stage":"dev","tags":["debug"],"timestamp":"2022-04-16T23:10:49.722-07:00","version":"6.0.2"}
{"category":"foo","hostId":"0c7896dd-072f-5959-88c5-559ccacdfed7","id":"01G0V2AD7TM5644GJG2ERJADQV","level":"debug","message":"debug message","ms":"+1ms","service":"@goodware/log","stage":"dev","tags":["debug"],"timestamp":"2022-04-16T23:10:49.722-07:00","version":"6.0.2"}
{"category":"foo","hostId":"0c7896dd-072f-5959-88c5-559ccacdfed7","id":"01G0V2ADXB1V18H00MH5ZSJCPK","level":"debug","message":"debug","ms":"+2ms","service":"@goodware/log","stage":"dev","tags":["debug"],"timestamp":"2022-04-16T23:10:50.411-07:00","version":"6.0.2"}
{"category":"foo","hostId":"0c7896dd-072f-5959-88c5-559ccacdfed7","id":"01G0V2ADXC9BVBTEFJFVCVDR21","level":"debug","message":"debug message","ms":"+1ms","service":"@goodware/log","stage":"dev","tags":["debug"],"timestamp":"2022-04-16T23:10:50.412-07:00","version":"6.0.2"}
{"category":"foo","hostId":"0c7896dd-072f-5959-88c5-559ccacdfed7","id":"01G0V2ATGTP3RSB18KRBY0G4G0","level":"debug","message":"debug","ms":"+2ms","service":"@goodware/log","stage":"dev","tags":["debug"],"timestamp":"2022-04-16T23:11:03.322-07:00","version":"6.0.2"}
{"category":"foo","hostId":"0c7896dd-072f-5959-88c5-559ccacdfed7","id":"01G0V2ATGVYPF884KKPQV0NT92","level":"debug","message":"debug message","ms":"+1ms","service":"@goodware/log","stage":"dev","tags":["debug"],"timestamp":"2022-04-16T23:11:03.323-07:00","version":"6.0.2"}
{"category":"foo","hostId":"0c7896dd-072f-5959-88c5-559ccacdfed7","id":"01G0V2AV65STKKBV5ZHQZFHM2E","level":"debug","message":"debug","ms":"+2ms","service":"@goodware/log","stage":"dev","tags":["debug"],"timestamp":"2022-04-16T23:11:04.005-07:00","version":"6.0.2"}
{"category":"foo","hostId":"0c7896dd-072f-5959-88c5-559ccacdfed7","id":"01G0V2AV65AT38EE63WCMEHP97","level":"debug","message":"debug message","ms":"+0ms","service":"@goodware/log","stage":"dev","tags":["debug"],"timestamp":"2022-04-16T23:11:04.005-07:00","version":"6.0.2"}
{"category":"foo","hostId":"0c7896dd-072f-5959-88c5-559ccacdfed7","id":"01G0V2BTM33BNZP1B9DMDR7NNZ","level":"debug","message":"debug","ms":"+2ms","service":"@goodware/log","stage":"dev","tags":["debug"],"timestamp":"2022-04-16T23:11:36.195-07:00","version":"6.0.2"}
{"category":"foo","hostId":"0c7896dd-072f-5959-88c5-559ccacdfed7","id":"01G0V2BTM3TMZVA856A3C45C5F","level":"debug","message":"debug message","ms":"+1ms","service":"@goodware/log","stage":"dev","tags":["debug"],"timestamp":"2022-04-16T23:11:36.195-07:00","version":"6.0.2"}
{"category":"foo","hostId":"0c7896dd-072f-5959-88c5-559ccacdfed7","id":"01G0V2BV9RKTHNYXTXA30CF8RJ","level":"debug","message":"debug","ms":"+2ms","service":"@goodware/log","stage":"dev","tags":["debug"],"timestamp":"2022-04-16T23:11:36.888-07:00","version":"6.0.2"}
{"category":"foo","hostId":"0c7896dd-072f-5959-88c5-559ccacdfed7","id":"01G0V2BV9S3HKAKKEGDB11D1BE","level":"debug","message":"debug message","ms":"+1ms","service":"@goodware/log","stage":"dev","tags":["debug"],"timestamp":"2022-04-16T23:11:36.889-07:00","version":"6.0.2"}
