{"category":"foo","hostId":"0c7896dd-072f-5959-88c5-559ccacdfed7","id":"01G0V1B1V0SN4YN61MG8T0K73E","level":"debug","message":"debug","ms":"+3ms","service":"@goodware/log","stage":"dev","tags":["debug"],"timestamp":"2022-04-16T22:53:42.240-07:00","version":"6.0.2"}
{"category":"foo","hostId":"0c7896dd-072f-5959-88c5-559ccacdfed7","id":"01G0V1B1V0B63SQCK1CHFNYNEQ","level":"debug","message":"debug message","ms":"+1ms","service":"@goodware/log","stage":"dev","tags":["debug"],"timestamp":"2022-04-16T22:53:42.240-07:00","version":"6.0.2"}
{"category":"foo","hostId":"0c7896dd-072f-5959-88c5-559ccacdfed7","id":"01G0V1B2HVR20QDTZEWA36E1TF","level":"debug","message":"debug","ms":"+2ms","service":"@goodware/log","stage":"dev","tags":["debug"],"timestamp":"2022-04-16T22:53:42.971-07:00","version":"6.0.2"}
{"category":"foo","hostId":"0c7896dd-072f-5959-88c5-559ccacdfed7","id":"01G0V1B2HW190FCKJ69DBNZTH2","level":"debug","message":"debug message","ms":"+1ms","service":"@goodware/log","stage":"dev","tags":["debug"],"timestamp":"2022-04-16T22:53:42.972-07:00","version":"6.0.2"}
{"category":"foo","hostId":"0c7896dd-072f-5959-88c5-559ccacdfed7","id":"01G0V1CZAF01S7F6FJ5K1TSTDQ","level":"debug","message":"debug","ms":"+2ms","service":"@goodware/log","stage":"dev","tags":["debug"],"timestamp":"2022-04-16T22:54:45.199-07:00","version":"6.0.2"}
{"category":"foo","hostId":"0c7896dd-072f-5959-88c5-559ccacdfed7","id":"01G0V1CZAFA9ET4EZ834KVV20W","level":"debug","message":"debug message","ms":"+1ms","service":"@goodware/log","stage":"dev","tags":["debug"],"timestamp":"2022-04-16T22:54:45.199-07:00","version":"6.0.2"}
{"category":"foo","hostId":"0c7896dd-072f-5959-88c5-559ccacdfed7","id":"01G0V1CZZX30549F1XWSJC2J5E","level":"debug","message":"debug","ms":"+2ms","service":"@goodware/log","stage":"dev","tags":["debug"],"timestamp":"2022-04-16T22:54:45.885-07:00","version":"6.0.2"}
{"category":"foo","hostId":"0c7896dd-072f-5959-88c5-559ccacdfed7","id":"01G0V1CZZYAG8Z0JGQYZ0N9N4Q","level":"debug","message":"debug message","ms":"+1ms","service":"@goodware/log","stage":"dev","tags":["debug"],"timestamp":"2022-04-16T22:54:45.886-07:00","version":"6.0.2"}
{"category":"foo","hostId":"0c7896dd-072f-5959-88c5-559ccacdfed7","id":"01G0V1DHX9KK81PNK0A6K9T7ZS","level":"debug","message":"debug","ms":"+2ms","service":"@goodware/log","stage":"dev","tags":["debug"],"timestamp":"2022-04-16T22:55:04.233-07:00","version":"6.0.2"}
{"category":"foo","hostId":"0c7896dd-072f-5959-88c5-559ccacdfed7","id":"01G0V1DHXAW2RRWBXMJD5CB16N","level":"debug","message":"debug message","ms":"+1ms","service":"@goodware/log","stage":"dev","tags":["debug"],"timestamp":"2022-04-16T22:55:04.234-07:00","version":"6.0.2"}
{"category":"foo","hostId":"0c7896dd-072f-5959-88c5-559ccacdfed7","id":"01G0V1DJJJCTRWEJ9CX7QHB5MX","level":"debug","message":"debug","ms":"+2ms","service":"@goodware/log","stage":"dev","tags":["debug"],"timestamp":"2022-04-16T22:55:04.914-07:00","version":"6.0.2"}
{"category":"foo","hostId":"0c7896dd-072f-5959-88c5-559ccacdfed7","id":"01G0V1DJJJXE2AF4BPADBQ2GPC","level":"debug","message":"debug message","ms":"+0ms","service":"@goodware/log","stage":"dev","tags":["debug"],"timestamp":"2022-04-16T22:55:04.914-07:00","version":"6.0.2"}
{"category":"foo","hostId":"0c7896dd-072f-5959-88c5-559ccacdfed7","id":"01G0V1EGSJCY886TM0C113WMYT","level":"debug","message":"debug","ms":"+2ms","service":"@goodware/log","stage":"dev","tags":["debug"],"timestamp":"2022-04-16T22:55:35.858-07:00","version":"6.0.2"}
{"category":"foo","hostId":"0c7896dd-072f-5959-88c5-559ccacdfed7","id":"01G0V1EGSKC6TCXNJNDV2NRWDE","level":"debug","message":"debug message","ms":"+1ms","service":"@goodware/log","stage":"dev","tags":["debug"],"timestamp":"2022-04-16T22:55:35.859-07:00","version":"6.0.2"}
{"category":"foo","hostId":"0c7896dd-072f-5959-88c5-559ccacdfed7","id":"01G0V1EHEYJWNCY9B4EPWGYYVS","level":"debug","message":"debug","ms":"+2ms","service":"@goodware/log","stage":"dev","tags":["debug"],"timestamp":"2022-04-16T22:55:36.542-07:00","version":"6.0.2"}
{"category":"foo","hostId":"0c7896dd-072f-5959-88c5-559ccacdfed7","id":"01G0V1EHEYFXATXV5A2QMEJ063","level":"debug","message":"debug message","ms":"+0ms","service":"@goodware/log","stage":"dev","tags":["debug"],"timestamp":"2022-04-16T22:55:36.542-07:00","version":"6.0.2"}
{"category":"foo","hostId":"0c7896dd-072f-5959-88c5-559ccacdfed7","id":"01G0V1G3MN7VXFFSM1JPAN966N","level":"debug","message":"debug","ms":"+2ms","service":"@goodware/log","stage":"dev","tags":["debug"],"timestamp":"2022-04-16T22:56:27.925-07:00","version":"6.0.2"}
{"category":"foo","hostId":"0c7896dd-072f-5959-88c5-559ccacdfed7","id":"01G0V1G3MPCCFJRVQEC7RE8RQV","level":"debug","message":"debug message","ms":"+1ms","service":"@goodware/log","stage":"dev","tags":["debug"],"timestamp":"2022-04-16T22:56:27.926-07:00","version":"6.0.2"}
{"category":"foo","hostId":"0c7896dd-072f-5959-88c5-559ccacdfed7","id":"01G0V1G49ZCAMJANZ9PGEGXPNA","level":"debug","message":"debug","ms":"+2ms","service":"@goodware/log","stage":"dev","tags":["debug"],"timestamp":"2022-04-16T22:56:28.607-07:00","version":"6.0.2"}
{"category":"foo","hostId":"0c7896dd-072f-5959-88c5-559ccacdfed7","id":"01G0V1G49ZZRYEDGREEH13FFK1","level":"debug","message":"debug message","ms":"+0ms","service":"@goodware/log","stage":"dev","tags":["debug"],"timestamp":"2022-04-16T22:56:28.607-07:00","version":"6.0.2"}
{"category":"foo","hostId":"0c7896dd-072f-5959-88c5-559ccacdfed7","id":"01G0V1GXPAMVBNRQG6MPFR5EYJ","level":"debug","message":"debug","ms":"+4ms","service":"@goodware/log","stage":"dev","tags":["debug"],"timestamp":"2022-04-16T22:56:54.601-07:00","version":"6.0.2"}
{"category":"foo","hostId":"0c7896dd-072f-5959-88c5-559ccacdfed7","id":"01G0V1GXPAJCJZG7D56VY01ZEM","level":"debug","message":"debug message","ms":"+0ms","service":"@goodware/log","stage":"dev","tags":["debug"],"timestamp":"2022-04-16T22:56:54.602-07:00","version":"6.0.2"}
